<?xml version="1.0" encoding="UTF-8"?>
<testng-results ignored="0" total="1" passed="1" failed="0" skipped="0">
  <reporter-output>
  </reporter-output>
  <suite started-at="2026-09-23T17:46:50 GMT+08:00" name="Surefire suite" finished-at="2026-09-23T17:46:50 GMT+08:00" duration-ms="48">
    <groups>
    </groups>
    <test started-at="2026-09-23T17:46:50 GMT+08:00" name="Surefire test" finished-at="2026-09-23T17:46:50 GMT+08:00" duration-ms="48">
      <class name="helloworld_shweta.TestHelloWorld">
        <test-method signature="testHelloWorld()[pri:0, instance:helloworld_shweta.TestHelloWorld@16267862]" started-at="2026-09-23T17:46:50 GMT+08:00" name="testHelloWorld" finished-at="2026-09-23T17:46:50 GMT+08:00" duration-ms="7" status="PASS">
          <reporter-output>
          </reporter-output>
        </test-method> <!-- testHelloWorld -->
      </class> <!-- helloworld_shweta.TestHelloWorld -->
    </test> <!-- Surefire test -->
  </suite> <!-- Surefire suite -->
</testng-results>
